        -:    0:Source:MST_graph.hpp
        -:    0:Graph:main.gcno
        -:    0:Data:main.gcda
        -:    0:Runs:1
        -:    1:#ifndef MST_GRAPH_HPP
        -:    2:#define MST_GRAPH_HPP
        -:    3:#include <algorithm>
        -:    4:#include <iostream>
        -:    5:#include <queue>
        -:    6:#include <set>
        -:    7:#include <tuple>
        -:    8:#include <utility>
        -:    9:#include <vector>
        -:   10:using namespace std;
        -:   11:
        -:   12:class MST_graph {
        -:   13:    vector<tuple<int, int, int, int>> edges;  // (from, to, weight, id)
        -:   14:    int numVertices;
        -:   15:    vector<vector<int>> alldistances;  // all distances between vertices
        -:   16:    string strategy;
        -:   17:
        -:   18:   public:
        1:   19:    MST_graph() {
        1:   20:        numVertices = 0;
        1:   21:    };  // Default constructor
        -:   22:    MST_graph(int n) : numVertices(n) {
        -:   23:        alldistances.resize(n, vector<int>(n, 0));
        -:   24:    }
        -:   25:    MST_graph(vector<tuple<int, int, int, int>> edges,string strategy);
    #####:   26:    vector<tuple<int, int, int, int>> getEdges() const {
    #####:   27:        return edges;
        -:   28:    }
        -:   29:    vector<vector<int>> getAllDistances() const {
        -:   30:   //     cout << "here" << endl;
        -:   31:   //     cout << "size: " << alldistances.size() << ", " << alldistances[0].size() << endl;
        -:   32:        return alldistances;
        -:   33:    }
        -:   34:    string to_string() const ;
    #####:   35:    string getStrategy() const {
    #####:   36:        return strategy;
        -:   37:    }
        -:   38:    };
        -:   39:#endif  // MST_GRAPH_HPP
