        -:    0:Source:MST_stats.cpp
        -:    1:#include "MST_stats.hpp"
        -:    2:
        4:    3:    int MST_stats::getTotalWeight(const MST_graph& mst){
        4:    4:        vector<tuple<int, int, int, int>> edges = mst.getEdges();
        4:    5:        int totalWeight = 0;
       12:    6:        for (const auto& e : edges) {
        -:    7:            int u, v, w, id;
        8:    8:            tie(u, v, w, id) = e;
        8:    9:            totalWeight += w;
        -:   10:        }
        4:   11:        return totalWeight;
        4:   12:    }
        -:   13:
        4:   14:int MST_stats::getLongestDistance(const MST_graph& mst) {
        4:   15:    vector<vector<int>> alldistances = mst.getAllDistances();
        4:   16:    int longestDistance = INT_MIN;
       16:   17:    for (int i = 0; i < alldistances.size(); i++) {
       48:   18:        for (int j = 0; j < alldistances[i].size(); j++) {
       36:   19:            if (alldistances[i][j] > longestDistance) {
       12:   20:                longestDistance = alldistances[i][j];
        -:   21:            }
        -:   22:        }
        -:   23:    }
        4:   24:    return longestDistance;
        4:   25:}
        -:   26:
        4:   27:int MST_stats::getShortestDistance(const MST_graph& mst) {
        4:   28:    vector<vector<int>> alldistances = mst.getAllDistances();
        4:   29:    int shortestDistance = INT_MAX;
       16:   30:    for (int i = 0; i < alldistances.size(); i++) {
       48:   31:        for (int j = 0; j < alldistances[i].size(); j++) {
       36:   32:            if (alldistances[i][j] < shortestDistance && alldistances[i][j]!=0) {
        4:   33:                shortestDistance = alldistances[i][j];
        -:   34:            }
        -:   35:        }
        -:   36:    }
        4:   37:    return shortestDistance;
        4:   38:}
        -:   39:
        -:   40://over just on above the diagonal
        -:   41:
        -:   42:// Function to get the average distance in the MST graph
        4:   43:double MST_stats::getAverageDistance(const MST_graph& mst) {
        4:   44:    vector<vector<int>> alldistances = mst.getAllDistances();
        4:   45:    int sum = 0;
        4:   46:    int count = 0;
        -:   47:
        4:   48:    cout << "Calculating average distance" << endl;
        4:   49:    cout << "Number of vertices: " << alldistances.size() << endl;
        -:   50:
       16:   51:    for (int i = 0; i < alldistances.size(); i++) {
       24:   52:        for (int j = i + 1; j < alldistances[i].size(); j++) {
       12:   53:            sum += alldistances[i][j];
       12:   54:            count++;
       12:   55:            cout << "Adding distance between vertex " << i << " and vertex " << j << ": " << alldistances[i][j] << endl;
        -:   56:        }
        -:   57:    }
        -:   58:
        4:   59:    double averageDistance = (double)sum / count;
        4:   60:    cout << "Total sum of distances: " << sum << endl;
        4:   61:    cout << "Total number of distances: " << count << endl;
        4:   62:    cout << "Average distance: " << averageDistance << endl;
        -:   63:
        4:   64:    return averageDistance;
        4:   65:}
        -:   66:
        -:   67:
        -:   68:
